<?xml version="1.0" encoding="UTF-8"?>
<!-- Generated by org.testng.reporters.JUnitXMLReporter -->
<testsuite hostname="sandeep-PC" name="Default test" tests="7" failures="0" timestamp="12 Jan 2016 09:59:13 GMT" time="306.213" errors="0">
  <testcase name="addTextWidget" time="43.299" classname="com.tpvision_performance.testscripts.CopyOfCanvasWidgetsTest"/>
  <testcase name="addButtonWidget" time="52.8" classname="com.tpvision_performance.testscripts.CopyOfCanvasWidgetsTest"/>
  <testcase name="addImageWidget" time="53.778" classname="com.tpvision_performance.testscripts.CopyOfCanvasWidgetsTest"/>
  <testcase name="addVideoWidget" time="51.821" classname="com.tpvision_performance.testscripts.CopyOfCanvasWidgetsTest"/>
  <testcase name="addGadgetWidget" time="9.784" classname="com.tpvision_performance.testscripts.CopyOfCanvasWidgetsTest"/>
  <testcase name="addLanguageWidget" time="8.215" classname="com.tpvision_performance.testscripts.CopyOfCanvasWidgetsTest"/>
  <testcase name="addChannelWidget" time="11.108" classname="com.tpvision_performance.testscripts.CopyOfCanvasWidgetsTest"/>
</testsuite> <!-- Default test -->
